<?xml version="1.0" encoding="UTF-8"?>
<!-- Generated by org.testng.reporters.JUnitReportReporter -->
<testsuite hostname="DESKTOP-KMCTGLT" failures="0" tests="1" name="com.automation_RestAPI_TestCases.POST_API_Request_Using_Pojos" time="4.735" errors="0" timestamp="2023-06-09T18:03:10 IST" skipped="0">
  <testcase classname="com.automation_RestAPI_TestCases.POST_API_Request_Using_Pojos" name="postAPIRequest" time="4.735"/>
  <system-out/>
</testsuite> <!-- com.automation_RestAPI_TestCases.POST_API_Request_Using_Pojos -->
