<?xml version="1.0" encoding="UTF-8"?>
<!-- Generated by org.testng.reporters.JUnitReportReporter -->
<testsuite hostname="DESKTOP-KMCTGLT" failures="0" tests="1" name="com.automation_RestAPI_TestCases.POST_API_Request_JSON_Schema_Validation" time="6.736" errors="0" timestamp="2023-06-09T18:00:51 IST" skipped="0">
  <testcase classname="com.automation_RestAPI_TestCases.POST_API_Request_JSON_Schema_Validation" name="postAPIRequest" time="6.736"/>
  <system-out/>
</testsuite> <!-- com.automation_RestAPI_TestCases.POST_API_Request_JSON_Schema_Validation -->
