<?xml version="1.0" encoding="UTF-8"?>
<!-- Generated by org.testng.reporters.JUnitReportReporter -->
<testsuite hostname="DESKTOP-KMCTGLT" failures="0" tests="1" name="com.automation_RestAPI_TestCases.POST_API_Request" time="10.262" errors="0" timestamp="2023-06-02T16:36:18 IST" skipped="0">
  <testcase classname="com.automation_RestAPI_TestCases.POST_API_Request" name="createBooking" time="10.262"/>
  <system-out/>
</testsuite> <!-- com.automation_RestAPI_TestCases.POST_API_Request -->
