<?xml version="1.0" encoding="UTF-8"?>
<!-- Generated by org.testng.reporters.JUnitReportReporter -->
<testsuite hostname="DESKTOP-KMCTGLT" failures="0" tests="1" name="com.automation_RestAPI_TestCases.DELETE_API_Request" time="18.699" errors="0" timestamp="2023-06-06T14:10:38 IST" skipped="0">
  <testcase classname="com.automation_RestAPI_TestCases.DELETE_API_Request" name="deleteAPIRequest" time="18.699"/>
  <system-out/>
</testsuite> <!-- com.automation_RestAPI_TestCases.DELETE_API_Request -->
