<?xml version="1.0" encoding="UTF-8"?>
<!-- Generated by org.testng.reporters.JUnitReportReporter -->
<testsuite hostname="DESKTOP-KMCTGLT" failures="0" tests="1" name="com.automation_RestAPI_TestCases.POST_API_Request_UsingFile" time="5.754" errors="0" timestamp="2023-06-02T18:13:14 IST" skipped="0">
  <testcase classname="com.automation_RestAPI_TestCases.POST_API_Request_UsingFile" name="postAPIRequest" time="5.754"/>
  <system-out/>
</testsuite> <!-- com.automation_RestAPI_TestCases.POST_API_Request_UsingFile -->
