<?xml version="1.0" encoding="UTF-8"?>
<!-- Generated by org.testng.reporters.JUnitReportReporter -->
<testsuite hostname="DESKTOP-KMCTGLT" failures="0" tests="1" name="com.automation_RestAPI_TestCases.PUT_API_Request" time="9.479" errors="0" timestamp="2023-06-06T13:12:34 IST" skipped="0">
  <testcase classname="com.automation_RestAPI_TestCases.PUT_API_Request" name="putAPIRequest" time="9.479"/>
  <system-out/>
</testsuite> <!-- com.automation_RestAPI_TestCases.PUT_API_Request -->
