<?xml version="1.0" encoding="UTF-8"?>
<!-- Generated by org.testng.reporters.JUnitReportReporter -->
<testsuite hostname="DESKTOP-KMCTGLT" failures="0" tests="1" name="com.automation_RestAPI_TestCases.PATCH_API_Request" time="11.857" errors="0" timestamp="2023-06-06T13:59:30 IST" skipped="0">
  <testcase classname="com.automation_RestAPI_TestCases.PATCH_API_Request" name="patchAPIRequest" time="11.857"/>
  <system-out/>
</testsuite> <!-- com.automation_RestAPI_TestCases.PATCH_API_Request -->
