<?xml version="1.0" encoding="UTF-8"?>
<!-- Generated by org.testng.reporters.JUnitReportReporter -->
<testsuite hostname="DESKTOP-KMCTGLT" failures="0" tests="1" name="com.automation_RestAPI_TestCases.GET_API_Request" time="4.188" errors="0" timestamp="2023-06-02T13:32:54 IST" skipped="0">
  <testcase classname="com.automation_RestAPI_TestCases.GET_API_Request" name="getAllBookings" time="4.188"/>
  <system-out/>
</testsuite> <!-- com.automation_RestAPI_TestCases.GET_API_Request -->
